<?xml version="1.0" encoding="UTF-8"?>
<coverage generated="1647415478195" clover="3.2.0">
  <project timestamp="1647415478195" name="All files">
    <metrics statements="161" coveredstatements="139" conditionals="28" coveredconditionals="17" methods="62" coveredmethods="51" elements="251" coveredelements="207" complexity="0" loc="161" ncloc="161" packages="25" files="26" classes="26"/>
    <package name="src">
      <metrics statements="12" coveredstatements="7" conditionals="8" coveredconditionals="3" methods="4" coveredmethods="1"/>
      <file name="LogoutButton.tsx" path="/home/saidg/Desktop/Zemoso Training/Blinklist_Clone/src/LogoutButton.tsx">
        <metrics statements="12" coveredstatements="7" conditionals="8" coveredconditionals="3" methods="4" coveredmethods="1"/>
        <line num="7" count="5" type="stmt"/>
        <line num="8" count="8" type="stmt"/>
        <line num="9" count="8" type="stmt"/>
        <line num="10" count="8" type="stmt"/>
        <line num="11" count="0" type="cond" truecount="0" falsecount="2"/>
        <line num="12" count="0" type="stmt"/>
        <line num="15" count="0" type="stmt"/>
        <line num="18" count="8" type="stmt"/>
        <line num="19" count="0" type="stmt"/>
        <line num="21" count="8" type="stmt"/>
        <line num="22" count="8" type="stmt"/>
        <line num="60" count="0" type="stmt"/>
      </file>
    </package>
    <package name="src.components">
      <metrics statements="9" coveredstatements="9" conditionals="0" coveredconditionals="0" methods="0" coveredmethods="0"/>
      <file name="Icons.tsx" path="/home/saidg/Desktop/Zemoso Training/Blinklist_Clone/src/components/Icons.tsx">
        <metrics statements="9" coveredstatements="9" conditionals="0" coveredconditionals="0" methods="0" coveredmethods="0"/>
        <line num="4" count="15" type="stmt"/>
        <line num="9" count="15" type="stmt"/>
        <line num="14" count="15" type="stmt"/>
        <line num="20" count="15" type="stmt"/>
        <line num="25" count="15" type="stmt"/>
        <line num="30" count="15" type="stmt"/>
        <line num="35" count="15" type="stmt"/>
        <line num="40" count="15" type="stmt"/>
        <line num="45" count="15" type="stmt"/>
      </file>
    </package>
    <package name="src.components.atoms.Buttons">
      <metrics statements="3" coveredstatements="3" conditionals="0" coveredconditionals="0" methods="1" coveredmethods="1"/>
      <file name="Buttons.tsx" path="/home/saidg/Desktop/Zemoso Training/Blinklist_Clone/src/components/atoms/Buttons/Buttons.tsx">
        <metrics statements="3" coveredstatements="3" conditionals="0" coveredconditionals="0" methods="1" coveredmethods="1"/>
        <line num="23" count="9" type="stmt"/>
        <line num="24" count="25" type="stmt"/>
        <line num="25" count="25" type="stmt"/>
      </file>
    </package>
    <package name="src.components.atoms.NavItems">
      <metrics statements="2" coveredstatements="2" conditionals="0" coveredconditionals="0" methods="1" coveredmethods="1"/>
      <file name="NavItem.tsx" path="/home/saidg/Desktop/Zemoso Training/Blinklist_Clone/src/components/atoms/NavItems/NavItem.tsx">
        <metrics statements="2" coveredstatements="2" conditionals="0" coveredconditionals="0" methods="1" coveredmethods="1"/>
        <line num="16" count="13" type="stmt"/>
        <line num="18" count="29" type="stmt"/>
      </file>
    </package>
    <package name="src.components.molecules.BookCard">
      <metrics statements="10" coveredstatements="10" conditionals="4" coveredconditionals="3" methods="4" coveredmethods="4"/>
      <file name="BookCard.tsx" path="/home/saidg/Desktop/Zemoso Training/Blinklist_Clone/src/components/molecules/BookCard/BookCard.tsx">
        <metrics statements="10" coveredstatements="10" conditionals="4" coveredconditionals="3" methods="4" coveredmethods="4"/>
        <line num="14" count="6" type="stmt"/>
        <line num="15" count="11" type="stmt"/>
        <line num="16" count="11" type="stmt"/>
        <line num="17" count="11" type="stmt"/>
        <line num="18" count="8" type="stmt"/>
        <line num="19" count="8" type="stmt"/>
        <line num="21" count="11" type="stmt"/>
        <line num="57" count="1" type="stmt"/>
        <line num="67" count="6" type="stmt"/>
        <line num="69" count="10" type="stmt"/>
      </file>
    </package>
    <package name="src.components.molecules.ButtonsRow">
      <metrics statements="2" coveredstatements="2" conditionals="0" coveredconditionals="0" methods="1" coveredmethods="1"/>
      <file name="ButtonsRow.tsx" path="/home/saidg/Desktop/Zemoso Training/Blinklist_Clone/src/components/molecules/ButtonsRow/ButtonsRow.tsx">
        <metrics statements="2" coveredstatements="2" conditionals="0" coveredconditionals="0" methods="1" coveredmethods="1"/>
        <line num="6" count="4" type="stmt"/>
        <line num="7" count="6" type="stmt"/>
      </file>
    </package>
    <package name="src.components.molecules.Lists">
      <metrics statements="2" coveredstatements="2" conditionals="0" coveredconditionals="0" methods="1" coveredmethods="1"/>
      <file name="Lists.tsx" path="/home/saidg/Desktop/Zemoso Training/Blinklist_Clone/src/components/molecules/Lists/Lists.tsx">
        <metrics statements="2" coveredstatements="2" conditionals="0" coveredconditionals="0" methods="1" coveredmethods="1"/>
        <line num="3" count="5" type="stmt"/>
        <line num="4" count="8" type="stmt"/>
      </file>
    </package>
    <package name="src.components.molecules.ReadAgain">
      <metrics statements="2" coveredstatements="2" conditionals="0" coveredconditionals="0" methods="1" coveredmethods="1"/>
      <file name="ReadAgain.tsx" path="/home/saidg/Desktop/Zemoso Training/Blinklist_Clone/src/components/molecules/ReadAgain/ReadAgain.tsx">
        <metrics statements="2" coveredstatements="2" conditionals="0" coveredconditionals="0" methods="1" coveredmethods="1"/>
        <line num="7" count="4" type="stmt"/>
        <line num="8" count="3" type="stmt"/>
      </file>
    </package>
    <package name="src.components.molecules.SearchComponent">
      <metrics statements="2" coveredstatements="2" conditionals="0" coveredconditionals="0" methods="1" coveredmethods="1"/>
      <file name="SearchComponent.tsx" path="/home/saidg/Desktop/Zemoso Training/Blinklist_Clone/src/components/molecules/SearchComponent/SearchComponent.tsx">
        <metrics statements="2" coveredstatements="2" conditionals="0" coveredconditionals="0" methods="1" coveredmethods="1"/>
        <line num="4" count="2" type="stmt"/>
        <line num="5" count="3" type="stmt"/>
      </file>
    </package>
    <package name="src.components.molecules.TabsBar">
      <metrics statements="10" coveredstatements="9" conditionals="2" coveredconditionals="2" methods="5" coveredmethods="4"/>
      <file name="TabsBar.tsx" path="/home/saidg/Desktop/Zemoso Training/Blinklist_Clone/src/components/molecules/TabsBar/TabsBar.tsx">
        <metrics statements="10" coveredstatements="9" conditionals="2" coveredconditionals="2" methods="5" coveredmethods="4"/>
        <line num="13" count="8" type="stmt"/>
        <line num="15" count="8" type="stmt"/>
        <line num="34" count="8" type="stmt"/>
        <line num="43" count="2" type="stmt"/>
        <line num="44" count="8" type="stmt"/>
        <line num="52" count="2" type="stmt"/>
        <line num="53" count="4" type="stmt"/>
        <line num="55" count="4" type="stmt"/>
        <line num="56" count="0" type="stmt"/>
        <line num="59" count="4" type="stmt"/>
      </file>
    </package>
    <package name="src.components.molecules.TabsMenu">
      <metrics statements="10" coveredstatements="9" conditionals="2" coveredconditionals="2" methods="5" coveredmethods="4"/>
      <file name="TabsMenu.tsx" path="/home/saidg/Desktop/Zemoso Training/Blinklist_Clone/src/components/molecules/TabsMenu/TabsMenu.tsx">
        <metrics statements="10" coveredstatements="9" conditionals="2" coveredconditionals="2" methods="5" coveredmethods="4"/>
        <line num="11" count="9" type="stmt"/>
        <line num="13" count="9" type="stmt"/>
        <line num="32" count="9" type="stmt"/>
        <line num="41" count="2" type="stmt"/>
        <line num="42" count="9" type="stmt"/>
        <line num="49" count="2" type="stmt"/>
        <line num="50" count="3" type="stmt"/>
        <line num="52" count="3" type="stmt"/>
        <line num="53" count="0" type="stmt"/>
        <line num="56" count="3" type="stmt"/>
      </file>
    </package>
    <package name="src.components.organisms.Banner">
      <metrics statements="2" coveredstatements="2" conditionals="0" coveredconditionals="0" methods="1" coveredmethods="1"/>
      <file name="Banner.tsx" path="/home/saidg/Desktop/Zemoso Training/Blinklist_Clone/src/components/organisms/Banner/Banner.tsx">
        <metrics statements="2" coveredstatements="2" conditionals="0" coveredconditionals="0" methods="1" coveredmethods="1"/>
        <line num="5" count="2" type="stmt"/>
        <line num="6" count="4" type="stmt"/>
      </file>
    </package>
    <package name="src.components.organisms.BookDetails">
      <metrics statements="5" coveredstatements="5" conditionals="0" coveredconditionals="0" methods="1" coveredmethods="1"/>
      <file name="BookDetails.tsx" path="/home/saidg/Desktop/Zemoso Training/Blinklist_Clone/src/components/organisms/BookDetails/BookDetails.tsx">
        <metrics statements="5" coveredstatements="5" conditionals="0" coveredconditionals="0" methods="1" coveredmethods="1"/>
        <line num="7" count="3" type="stmt"/>
        <line num="20" count="3" type="stmt"/>
        <line num="21" count="5" type="stmt"/>
        <line num="22" count="5" type="stmt"/>
        <line num="23" count="5" type="stmt"/>
      </file>
    </package>
    <package name="src.components.organisms.BookGrid">
      <metrics statements="11" coveredstatements="10" conditionals="2" coveredconditionals="2" methods="6" coveredmethods="5"/>
      <file name="BookGrid.tsx" path="/home/saidg/Desktop/Zemoso Training/Blinklist_Clone/src/components/organisms/BookGrid/BookGrid.tsx">
        <metrics statements="11" coveredstatements="10" conditionals="2" coveredconditionals="2" methods="6" coveredmethods="5"/>
        <line num="9" count="5" type="stmt"/>
        <line num="26" count="5" type="stmt"/>
        <line num="27" count="13" type="stmt"/>
        <line num="28" count="13" type="stmt"/>
        <line num="29" count="21" type="stmt"/>
        <line num="31" count="13" type="stmt"/>
        <line num="32" count="8" type="stmt"/>
        <line num="35" count="13" type="stmt"/>
        <line num="40" count="7" type="stmt"/>
        <line num="46" count="6" type="stmt"/>
        <line num="47" count="0" type="stmt"/>
      </file>
    </package>
    <package name="src.components.organisms.BookPage">
      <metrics statements="8" coveredstatements="8" conditionals="2" coveredconditionals="1" methods="3" coveredmethods="3"/>
      <file name="BookPage.tsx" path="/home/saidg/Desktop/Zemoso Training/Blinklist_Clone/src/components/organisms/BookPage/BookPage.tsx">
        <metrics statements="8" coveredstatements="8" conditionals="2" coveredconditionals="1" methods="3" coveredmethods="3"/>
        <line num="9" count="2" type="stmt"/>
        <line num="11" count="4" type="stmt"/>
        <line num="17" count="4" type="stmt"/>
        <line num="18" count="4" type="stmt"/>
        <line num="20" count="6" type="stmt"/>
        <line num="21" count="4" type="stmt"/>
        <line num="22" count="2" type="stmt"/>
        <line num="27" count="4" type="stmt"/>
      </file>
    </package>
    <package name="src.components.organisms.BooksGroup">
      <metrics statements="3" coveredstatements="3" conditionals="0" coveredconditionals="0" methods="1" coveredmethods="1"/>
      <file name="BooksGroup.tsx" path="/home/saidg/Desktop/Zemoso Training/Blinklist_Clone/src/components/organisms/BooksGroup/BooksGroup.tsx">
        <metrics statements="3" coveredstatements="3" conditionals="0" coveredconditionals="0" methods="1" coveredmethods="1"/>
        <line num="7" count="2" type="stmt"/>
        <line num="18" count="2" type="stmt"/>
        <line num="19" count="3" type="stmt"/>
      </file>
    </package>
    <package name="src.components.organisms.DropDown">
      <metrics statements="9" coveredstatements="9" conditionals="0" coveredconditionals="0" methods="3" coveredmethods="3"/>
      <file name="DropDown.tsx" path="/home/saidg/Desktop/Zemoso Training/Blinklist_Clone/src/components/organisms/DropDown/DropDown.tsx">
        <metrics statements="9" coveredstatements="9" conditionals="0" coveredconditionals="0" methods="3" coveredmethods="3"/>
        <line num="9" count="5" type="stmt"/>
        <line num="20" count="5" type="stmt"/>
        <line num="21" count="1" type="stmt"/>
        <line num="22" count="1" type="stmt"/>
        <line num="23" count="1" type="stmt"/>
        <line num="33" count="1" type="stmt"/>
        <line num="64" count="2" type="stmt"/>
        <line num="88" count="5" type="stmt"/>
        <line num="89" count="1" type="stmt"/>
      </file>
    </package>
    <package name="src.components.organisms.Footer">
      <metrics statements="4" coveredstatements="4" conditionals="0" coveredconditionals="0" methods="2" coveredmethods="2"/>
      <file name="Footer.tsx" path="/home/saidg/Desktop/Zemoso Training/Blinklist_Clone/src/components/organisms/Footer/Footer.tsx">
        <metrics statements="4" coveredstatements="4" conditionals="0" coveredconditionals="0" methods="2" coveredmethods="2"/>
        <line num="6" count="4" type="stmt"/>
        <line num="7" count="6" type="stmt"/>
        <line num="17" count="4" type="stmt"/>
        <line num="18" count="6" type="stmt"/>
      </file>
    </package>
    <package name="src.components.organisms.Header">
      <metrics statements="9" coveredstatements="5" conditionals="6" coveredconditionals="2" methods="3" coveredmethods="1"/>
      <file name="Header.tsx" path="/home/saidg/Desktop/Zemoso Training/Blinklist_Clone/src/components/organisms/Header/Header.tsx">
        <metrics statements="9" coveredstatements="5" conditionals="6" coveredconditionals="2" methods="3" coveredmethods="1"/>
        <line num="7" count="4" type="stmt"/>
        <line num="8" count="7" type="stmt"/>
        <line num="9" count="7" type="stmt"/>
        <line num="10" count="0" type="cond" truecount="0" falsecount="2"/>
        <line num="11" count="0" type="stmt"/>
        <line num="13" count="0" type="stmt"/>
        <line num="17" count="7" type="stmt"/>
        <line num="18" count="0" type="stmt"/>
        <line num="23" count="7" type="stmt"/>
      </file>
    </package>
    <package name="src.components.pages.BookDetailPage">
      <metrics statements="2" coveredstatements="2" conditionals="0" coveredconditionals="0" methods="1" coveredmethods="1"/>
      <file name="BookDetailPage.tsx" path="/home/saidg/Desktop/Zemoso Training/Blinklist_Clone/src/components/pages/BookDetailPage/BookDetailPage.tsx">
        <metrics statements="2" coveredstatements="2" conditionals="0" coveredconditionals="0" methods="1" coveredmethods="1"/>
        <line num="5" count="1" type="stmt"/>
        <line num="6" count="1" type="stmt"/>
      </file>
    </package>
    <package name="src.components.pages.LandingPage">
      <metrics statements="2" coveredstatements="2" conditionals="0" coveredconditionals="0" methods="1" coveredmethods="1"/>
      <file name="LandingPage.tsx" path="/home/saidg/Desktop/Zemoso Training/Blinklist_Clone/src/components/pages/LandingPage/LandingPage.tsx">
        <metrics statements="2" coveredstatements="2" conditionals="0" coveredconditionals="0" methods="1" coveredmethods="1"/>
        <line num="7" count="1" type="stmt"/>
        <line num="8" count="2" type="stmt"/>
      </file>
    </package>
    <package name="src.components.pages.MyLibrary">
      <metrics statements="2" coveredstatements="2" conditionals="0" coveredconditionals="0" methods="1" coveredmethods="1"/>
      <file name="MyLibrary.tsx" path="/home/saidg/Desktop/Zemoso Training/Blinklist_Clone/src/components/pages/MyLibrary/MyLibrary.tsx">
        <metrics statements="2" coveredstatements="2" conditionals="0" coveredconditionals="0" methods="1" coveredmethods="1"/>
        <line num="5" count="1" type="stmt"/>
        <line num="6" count="1" type="stmt"/>
      </file>
    </package>
    <package name="src.components.template">
      <metrics statements="2" coveredstatements="2" conditionals="0" coveredconditionals="0" methods="1" coveredmethods="1"/>
      <file name="Template.tsx" path="/home/saidg/Desktop/Zemoso Training/Blinklist_Clone/src/components/template/Template.tsx">
        <metrics statements="2" coveredstatements="2" conditionals="0" coveredconditionals="0" methods="1" coveredmethods="1"/>
        <line num="10" count="3" type="stmt"/>
        <line num="11" count="3" type="stmt"/>
      </file>
    </package>
    <package name="src.features">
      <metrics statements="37" coveredstatements="27" conditionals="2" coveredconditionals="2" methods="14" coveredmethods="11"/>
      <file name="BookReducer.tsx" path="/home/saidg/Desktop/Zemoso Training/Blinklist_Clone/src/features/BookReducer.tsx">
        <metrics statements="23" coveredstatements="17" conditionals="2" coveredconditionals="2" methods="9" coveredmethods="7"/>
        <line num="5" count="10" type="stmt"/>
        <line num="8" count="10" type="stmt"/>
        <line num="9" count="10" type="stmt"/>
        <line num="12" count="0" type="stmt"/>
        <line num="16" count="10" type="stmt"/>
        <line num="19" count="4" type="stmt"/>
        <line num="20" count="0" type="stmt"/>
        <line num="28" count="10" type="stmt"/>
        <line num="32" count="10" type="stmt"/>
        <line num="37" count="10" type="stmt"/>
        <line num="38" count="10" type="stmt"/>
        <line num="40" count="10" type="stmt"/>
        <line num="41" count="0" type="stmt"/>
        <line num="42" count="0" type="stmt"/>
        <line num="45" count="10" type="stmt"/>
        <line num="46" count="2" type="stmt"/>
        <line num="49" count="10" type="stmt"/>
        <line num="50" count="4" type="stmt"/>
        <line num="53" count="10" type="stmt"/>
        <line num="54" count="0" type="stmt"/>
        <line num="55" count="0" type="stmt"/>
        <line num="58" count="10" type="stmt"/>
        <line num="59" count="2" type="stmt"/>
      </file>
      <file name="BooksReducer.tsx" path="/home/saidg/Desktop/Zemoso Training/Blinklist_Clone/src/features/BooksReducer.tsx">
        <metrics statements="14" coveredstatements="10" conditionals="0" coveredconditionals="0" methods="5" coveredmethods="4"/>
        <line num="5" count="10" type="stmt"/>
        <line num="7" count="18" type="stmt"/>
        <line num="8" count="18" type="stmt"/>
        <line num="9" count="0" type="stmt"/>
        <line num="17" count="10" type="stmt"/>
        <line num="21" count="10" type="stmt"/>
        <line num="26" count="10" type="stmt"/>
        <line num="27" count="18" type="stmt"/>
        <line num="29" count="10" type="stmt"/>
        <line num="30" count="0" type="stmt"/>
        <line num="31" count="0" type="stmt"/>
        <line num="32" count="0" type="stmt"/>
        <line num="35" count="10" type="stmt"/>
        <line num="36" count="2" type="stmt"/>
      </file>
    </package>
    <package name="src.store">
      <metrics statements="1" coveredstatements="1" conditionals="0" coveredconditionals="0" methods="0" coveredmethods="0"/>
      <file name="store.tsx" path="/home/saidg/Desktop/Zemoso Training/Blinklist_Clone/src/store/store.tsx">
        <metrics statements="1" coveredstatements="1" conditionals="0" coveredconditionals="0" methods="0" coveredmethods="0"/>
        <line num="5" count="10" type="stmt"/>
      </file>
    </package>
  </project>
</coverage>
