{"/home/saidg/Desktop/zemoso-training/blinklist-app/src/LogoutButton.tsx": {"path":"/home/saidg/Desktop/zemoso-training/blinklist-app/src/LogoutButton.tsx","statementMap":{"0":{"start":{"line":7,"column":21},"end":{"line":63,"column":1}},"1":{"start":{"line":8,"column":34},"end":{"line":8,"column":74}},"2":{"start":{"line":9,"column":15},"end":{"line":9,"column":32}},"3":{"start":{"line":10,"column":22},"end":{"line":17,"column":3}},"4":{"start":{"line":11,"column":4},"end":{"line":16,"column":5}},"5":{"start":{"line":12,"column":6},"end":{"line":12,"column":39}},"6":{"start":{"line":15,"column":6},"end":{"line":15,"column":20}},"7":{"start":{"line":18,"column":22},"end":{"line":20,"column":3}},"8":{"start":{"line":19,"column":4},"end":{"line":19,"column":22}},"9":{"start":{"line":21,"column":21},"end":{"line":21,"column":31}},"10":{"start":{"line":22,"column":2},"end":{"line":62,"column":4}},"11":{"start":{"line":59,"column":136},"end":{"line":59,"column":178}}},"fnMap":{"0":{"name":"(anonymous_0)","decl":{"start":{"line":7,"column":21},"end":{"line":7,"column":22}},"loc":{"start":{"line":7,"column":27},"end":{"line":63,"column":1}},"line":7},"1":{"name":"(anonymous_1)","decl":{"start":{"line":10,"column":22},"end":{"line":10,"column":23}},"loc":{"start":{"line":10,"column":70},"end":{"line":17,"column":3}},"line":10},"2":{"name":"(anonymous_2)","decl":{"start":{"line":18,"column":22},"end":{"line":18,"column":23}},"loc":{"start":{"line":18,"column":28},"end":{"line":20,"column":3}},"line":18},"3":{"name":"(anonymous_3)","decl":{"start":{"line":59,"column":130},"end":{"line":59,"column":131}},"loc":{"start":{"line":59,"column":136},"end":{"line":59,"column":178}},"line":59}},"branchMap":{"0":{"loc":{"start":{"line":11,"column":4},"end":{"line":16,"column":5}},"type":"if","locations":[{"start":{"line":11,"column":4},"end":{"line":16,"column":5}},{"start":{"line":14,"column":9},"end":{"line":16,"column":5}}],"line":11},"1":{"loc":{"start":{"line":27,"column":23},"end":{"line":27,"column":54}},"type":"cond-expr","locations":[{"start":{"line":27,"column":30},"end":{"line":27,"column":42}},{"start":{"line":27,"column":45},"end":{"line":27,"column":54}}],"line":27},"2":{"loc":{"start":{"line":29,"column":23},"end":{"line":29,"column":48}},"type":"cond-expr","locations":[{"start":{"line":29,"column":30},"end":{"line":29,"column":36}},{"start":{"line":29,"column":39},"end":{"line":29,"column":48}}],"line":29},"3":{"loc":{"start":{"line":38,"column":11},"end":{"line":38,"column":147}},"type":"cond-expr","locations":[{"start":{"line":38,"column":23},"end":{"line":38,"column":103}},{"start":{"line":38,"column":106},"end":{"line":38,"column":147}}],"line":38}},"s":{"0":5,"1":7,"2":7,"3":7,"4":0,"5":0,"6":0,"7":7,"8":0,"9":7,"10":7,"11":0},"f":{"0":7,"1":0,"2":0,"3":0},"b":{"0":[0,0],"1":[0,7],"2":[0,7],"3":[7,0]},"_coverageSchema":"1a1c01bbd47fc00a2c39e90264f33305004495a9","hash":"b8a358d7a5e5061d0327ad94f13bc90eadebed38"}
,"/home/saidg/Desktop/zemoso-training/blinklist-app/src/components/Icons.tsx": {"path":"/home/saidg/Desktop/zemoso-training/blinklist-app/src/components/Icons.tsx","statementMap":{"0":{"start":{"line":4,"column":24},"end":{"line":7,"column":1}},"1":{"start":{"line":9,"column":24},"end":{"line":12,"column":1}},"2":{"start":{"line":14,"column":23},"end":{"line":17,"column":1}},"3":{"start":{"line":20,"column":26},"end":{"line":23,"column":1}},"4":{"start":{"line":25,"column":29},"end":{"line":28,"column":1}},"5":{"start":{"line":30,"column":21},"end":{"line":33,"column":1}},"6":{"start":{"line":35,"column":30},"end":{"line":38,"column":1}},"7":{"start":{"line":40,"column":27},"end":{"line":43,"column":1}},"8":{"start":{"line":45,"column":24},"end":{"line":49,"column":1}}},"fnMap":{},"branchMap":{},"s":{"0":15,"1":15,"2":15,"3":15,"4":15,"5":15,"6":15,"7":15,"8":15},"f":{},"b":{},"_coverageSchema":"1a1c01bbd47fc00a2c39e90264f33305004495a9","hash":"3a6e546402dc28af173e71033013aff4c215b018"}
,"/home/saidg/Desktop/zemoso-training/blinklist-app/src/components/apis/Requests.tsx": {"path":"/home/saidg/Desktop/zemoso-training/blinklist-app/src/components/apis/Requests.tsx","statementMap":{"0":{"start":{"line":3,"column":27},"end":{"line":6,"column":2}},"1":{"start":{"line":4,"column":16},"end":{"line":4,"column":62}},"2":{"start":{"line":5,"column":4},"end":{"line":5,"column":20}},"3":{"start":{"line":9,"column":29},"end":{"line":13,"column":1}},"4":{"start":{"line":10,"column":17},"end":{"line":10,"column":73}},"5":{"start":{"line":11,"column":4},"end":{"line":11,"column":27}},"6":{"start":{"line":12,"column":4},"end":{"line":12,"column":21}}},"fnMap":{"0":{"name":"(anonymous_0)","decl":{"start":{"line":3,"column":27},"end":{"line":3,"column":28}},"loc":{"start":{"line":3,"column":39},"end":{"line":6,"column":2}},"line":3},"1":{"name":"(anonymous_1)","decl":{"start":{"line":9,"column":29},"end":{"line":9,"column":30}},"loc":{"start":{"line":9,"column":55},"end":{"line":13,"column":1}},"line":9}},"branchMap":{},"s":{"0":1,"1":0,"2":0,"3":1,"4":0,"5":0,"6":0},"f":{"0":0,"1":0},"b":{},"_coverageSchema":"1a1c01bbd47fc00a2c39e90264f33305004495a9","hash":"7accb1140d9127dd09515bf28c78355456e9ca6d"}
,"/home/saidg/Desktop/zemoso-training/blinklist-app/src/components/atoms/Buttons/Buttons.tsx": {"path":"/home/saidg/Desktop/zemoso-training/blinklist-app/src/components/atoms/Buttons/Buttons.tsx","statementMap":{"0":{"start":{"line":23,"column":16},"end":{"line":39,"column":1}},"1":{"start":{"line":24,"column":96},"end":{"line":24,"column":101}},"2":{"start":{"line":25,"column":2},"end":{"line":38,"column":3}}},"fnMap":{"0":{"name":"(anonymous_0)","decl":{"start":{"line":23,"column":16},"end":{"line":23,"column":17}},"loc":{"start":{"line":23,"column":35},"end":{"line":39,"column":1}},"line":23}},"branchMap":{},"s":{"0":9,"1":22,"2":18},"f":{"0":22},"b":{},"_coverageSchema":"1a1c01bbd47fc00a2c39e90264f33305004495a9","hash":"e04e1acc5a59010652c3e3da96b3ff33a2499fb8"}
,"/home/saidg/Desktop/zemoso-training/blinklist-app/src/components/atoms/NavItems/NavItem.tsx": {"path":"/home/saidg/Desktop/zemoso-training/blinklist-app/src/components/atoms/NavItems/NavItem.tsx","statementMap":{"0":{"start":{"line":16,"column":16},"end":{"line":31,"column":1}},"1":{"start":{"line":18,"column":2},"end":{"line":30,"column":3}}},"fnMap":{"0":{"name":"(anonymous_0)","decl":{"start":{"line":16,"column":16},"end":{"line":16,"column":17}},"loc":{"start":{"line":16,"column":95},"end":{"line":31,"column":1}},"line":16}},"branchMap":{},"s":{"0":13,"1":12},"f":{"0":12},"b":{},"_coverageSchema":"1a1c01bbd47fc00a2c39e90264f33305004495a9","hash":"38a6ac9cdc33f9ebd86b9c91a1dc7f6f13a0f212"}
,"/home/saidg/Desktop/zemoso-training/blinklist-app/src/components/molecules/BookCard/BookCard.tsx": {"path":"/home/saidg/Desktop/zemoso-training/blinklist-app/src/components/molecules/BookCard/BookCard.tsx","statementMap":{"0":{"start":{"line":13,"column":22},"end":{"line":63,"column":1}},"1":{"start":{"line":14,"column":22},"end":{"line":14,"column":52}},"2":{"start":{"line":15,"column":19},"end":{"line":15,"column":32}},"3":{"start":{"line":16,"column":2},"end":{"line":18,"column":10}},"4":{"start":{"line":17,"column":4},"end":{"line":17,"column":52}},"5":{"start":{"line":19,"column":2},"end":{"line":62,"column":3}},"6":{"start":{"line":55,"column":12},"end":{"line":55,"column":26}},"7":{"start":{"line":65,"column":17},"end":{"line":79,"column":1}},"8":{"start":{"line":67,"column":2},"end":{"line":78,"column":3}}},"fnMap":{"0":{"name":"(anonymous_0)","decl":{"start":{"line":13,"column":22},"end":{"line":13,"column":23}},"loc":{"start":{"line":13,"column":50},"end":{"line":63,"column":1}},"line":13},"1":{"name":"(anonymous_1)","decl":{"start":{"line":16,"column":12},"end":{"line":16,"column":13}},"loc":{"start":{"line":16,"column":18},"end":{"line":18,"column":3}},"line":16},"2":{"name":"(anonymous_2)","decl":{"start":{"line":54,"column":10},"end":{"line":54,"column":11}},"loc":{"start":{"line":54,"column":16},"end":{"line":56,"column":11}},"line":54},"3":{"name":"(anonymous_3)","decl":{"start":{"line":65,"column":17},"end":{"line":65,"column":18}},"loc":{"start":{"line":65,"column":56},"end":{"line":79,"column":1}},"line":65}},"branchMap":{"0":{"loc":{"start":{"line":41,"column":12},"end":{"line":48,"column":23}},"type":"cond-expr","locations":[{"start":{"line":42,"column":12},"end":{"line":47,"column":18}},{"start":{"line":48,"column":14},"end":{"line":48,"column":23}}],"line":41},"1":{"loc":{"start":{"line":70,"column":6},"end":{"line":75,"column":53}},"type":"cond-expr","locations":[{"start":{"line":71,"column":6},"end":{"line":73,"column":13}},{"start":{"line":75,"column":6},"end":{"line":75,"column":53}}],"line":70}},"s":{"0":6,"1":4,"2":4,"3":4,"4":4,"5":4,"6":1,"7":6,"8":3},"f":{"0":4,"1":4,"2":1,"3":3},"b":{"0":[0,4],"1":[3,0]},"_coverageSchema":"1a1c01bbd47fc00a2c39e90264f33305004495a9","hash":"5b6ddb5da287413862ca2f3cc2a90a2bbd4b86eb"}
,"/home/saidg/Desktop/zemoso-training/blinklist-app/src/components/molecules/ButtonsRow/ButtonsRow.tsx": {"path":"/home/saidg/Desktop/zemoso-training/blinklist-app/src/components/molecules/ButtonsRow/ButtonsRow.tsx","statementMap":{"0":{"start":{"line":6,"column":19},"end":{"line":25,"column":1}},"1":{"start":{"line":7,"column":2},"end":{"line":24,"column":3}}},"fnMap":{"0":{"name":"(anonymous_0)","decl":{"start":{"line":6,"column":19},"end":{"line":6,"column":20}},"loc":{"start":{"line":6,"column":25},"end":{"line":25,"column":1}},"line":6}},"branchMap":{},"s":{"0":4,"1":9},"f":{"0":9},"b":{},"_coverageSchema":"1a1c01bbd47fc00a2c39e90264f33305004495a9","hash":"41861b27f3eef7953a718f953d65fd1c4aa50722"}
,"/home/saidg/Desktop/zemoso-training/blinklist-app/src/components/molecules/Lists/Lists.tsx": {"path":"/home/saidg/Desktop/zemoso-training/blinklist-app/src/components/molecules/Lists/Lists.tsx","statementMap":{"0":{"start":{"line":3,"column":14},"end":{"line":98,"column":1}},"1":{"start":{"line":4,"column":2},"end":{"line":97,"column":3}}},"fnMap":{"0":{"name":"(anonymous_0)","decl":{"start":{"line":3,"column":14},"end":{"line":3,"column":15}},"loc":{"start":{"line":3,"column":20},"end":{"line":98,"column":1}},"line":3}},"branchMap":{},"s":{"0":5,"1":8},"f":{"0":8},"b":{},"_coverageSchema":"1a1c01bbd47fc00a2c39e90264f33305004495a9","hash":"00041cea4a85a9276a2e5317b542c339b1382206"}
,"/home/saidg/Desktop/zemoso-training/blinklist-app/src/components/molecules/ReadAgain/ReadAgain.tsx": {"path":"/home/saidg/Desktop/zemoso-training/blinklist-app/src/components/molecules/ReadAgain/ReadAgain.tsx","statementMap":{"0":{"start":{"line":7,"column":18},"end":{"line":20,"column":1}},"1":{"start":{"line":8,"column":2},"end":{"line":19,"column":3}}},"fnMap":{"0":{"name":"(anonymous_0)","decl":{"start":{"line":7,"column":18},"end":{"line":7,"column":19}},"loc":{"start":{"line":7,"column":40},"end":{"line":20,"column":1}},"line":7}},"branchMap":{},"s":{"0":4,"1":3},"f":{"0":3},"b":{},"_coverageSchema":"1a1c01bbd47fc00a2c39e90264f33305004495a9","hash":"fa2cfa9ac25006a3071af32c567834b14c9f5066"}
,"/home/saidg/Desktop/zemoso-training/blinklist-app/src/components/molecules/SearchComponent/SearchComponent.tsx": {"path":"/home/saidg/Desktop/zemoso-training/blinklist-app/src/components/molecules/SearchComponent/SearchComponent.tsx","statementMap":{"0":{"start":{"line":4,"column":24},"end":{"line":19,"column":1}},"1":{"start":{"line":5,"column":4},"end":{"line":18,"column":5}}},"fnMap":{"0":{"name":"(anonymous_0)","decl":{"start":{"line":4,"column":24},"end":{"line":4,"column":25}},"loc":{"start":{"line":4,"column":30},"end":{"line":19,"column":1}},"line":4}},"branchMap":{},"s":{"0":2,"1":3},"f":{"0":3},"b":{},"_coverageSchema":"1a1c01bbd47fc00a2c39e90264f33305004495a9","hash":"e653347c60e37a7f7da7f7971936a407609bedd2"}
,"/home/saidg/Desktop/zemoso-training/blinklist-app/src/components/molecules/TabsBar/TabsBar.tsx": {"path":"/home/saidg/Desktop/zemoso-training/blinklist-app/src/components/molecules/TabsBar/TabsBar.tsx","statementMap":{"0":{"start":{"line":13,"column":47},"end":{"line":13,"column":52}},"1":{"start":{"line":15,"column":2},"end":{"line":30,"column":4}},"2":{"start":{"line":34,"column":2},"end":{"line":37,"column":4}},"3":{"start":{"line":43,"column":14},"end":{"line":49,"column":1}},"4":{"start":{"line":44,"column":2},"end":{"line":48,"column":3}},"5":{"start":{"line":52,"column":16},"end":{"line":79,"column":1}},"6":{"start":{"line":53,"column":31},"end":{"line":53,"column":48}},"7":{"start":{"line":55,"column":23},"end":{"line":57,"column":3}},"8":{"start":{"line":56,"column":4},"end":{"line":56,"column":23}},"9":{"start":{"line":59,"column":2},"end":{"line":78,"column":5}}},"fnMap":{"0":{"name":"TabPanel","decl":{"start":{"line":12,"column":9},"end":{"line":12,"column":17}},"loc":{"start":{"line":12,"column":40},"end":{"line":31,"column":1}},"line":12},"1":{"name":"a11yProps","decl":{"start":{"line":33,"column":9},"end":{"line":33,"column":18}},"loc":{"start":{"line":33,"column":34},"end":{"line":38,"column":1}},"line":33},"2":{"name":"(anonymous_2)","decl":{"start":{"line":43,"column":14},"end":{"line":43,"column":15}},"loc":{"start":{"line":43,"column":39},"end":{"line":49,"column":1}},"line":43},"3":{"name":"(anonymous_3)","decl":{"start":{"line":52,"column":16},"end":{"line":52,"column":17}},"loc":{"start":{"line":52,"column":22},"end":{"line":79,"column":1}},"line":52},"4":{"name":"(anonymous_4)","decl":{"start":{"line":55,"column":23},"end":{"line":55,"column":24}},"loc":{"start":{"line":55,"column":74},"end":{"line":57,"column":3}},"line":55}},"branchMap":{"0":{"loc":{"start":{"line":23,"column":7},"end":{"line":28,"column":7}},"type":"binary-expr","locations":[{"start":{"line":23,"column":7},"end":{"line":23,"column":22}},{"start":{"line":24,"column":8},"end":{"line":27,"column":14}}],"line":23}},"s":{"0":8,"1":8,"2":8,"3":2,"4":8,"5":2,"6":4,"7":4,"8":0,"9":4},"f":{"0":8,"1":8,"2":8,"3":4,"4":0},"b":{"0":[8,4]},"_coverageSchema":"1a1c01bbd47fc00a2c39e90264f33305004495a9","hash":"5a80217e667c45097ff7d018c945fef02adb46cb"}
,"/home/saidg/Desktop/zemoso-training/blinklist-app/src/components/molecules/TabsMenu/TabsMenu.tsx": {"path":"/home/saidg/Desktop/zemoso-training/blinklist-app/src/components/molecules/TabsMenu/TabsMenu.tsx","statementMap":{"0":{"start":{"line":11,"column":47},"end":{"line":11,"column":52}},"1":{"start":{"line":13,"column":2},"end":{"line":28,"column":4}},"2":{"start":{"line":32,"column":2},"end":{"line":35,"column":4}},"3":{"start":{"line":41,"column":14},"end":{"line":47,"column":1}},"4":{"start":{"line":42,"column":2},"end":{"line":46,"column":3}},"5":{"start":{"line":49,"column":17},"end":{"line":92,"column":1}},"6":{"start":{"line":50,"column":28},"end":{"line":50,"column":45}},"7":{"start":{"line":52,"column":23},"end":{"line":54,"column":3}},"8":{"start":{"line":53,"column":4},"end":{"line":53,"column":23}},"9":{"start":{"line":56,"column":2},"end":{"line":91,"column":3}}},"fnMap":{"0":{"name":"TabPanel","decl":{"start":{"line":10,"column":9},"end":{"line":10,"column":17}},"loc":{"start":{"line":10,"column":40},"end":{"line":29,"column":1}},"line":10},"1":{"name":"a11yProps","decl":{"start":{"line":31,"column":9},"end":{"line":31,"column":18}},"loc":{"start":{"line":31,"column":34},"end":{"line":36,"column":1}},"line":31},"2":{"name":"(anonymous_2)","decl":{"start":{"line":41,"column":14},"end":{"line":41,"column":15}},"loc":{"start":{"line":41,"column":39},"end":{"line":47,"column":1}},"line":41},"3":{"name":"(anonymous_3)","decl":{"start":{"line":49,"column":17},"end":{"line":49,"column":18}},"loc":{"start":{"line":49,"column":23},"end":{"line":92,"column":1}},"line":49},"4":{"name":"(anonymous_4)","decl":{"start":{"line":52,"column":23},"end":{"line":52,"column":24}},"loc":{"start":{"line":52,"column":74},"end":{"line":54,"column":3}},"line":52}},"branchMap":{"0":{"loc":{"start":{"line":21,"column":7},"end":{"line":26,"column":7}},"type":"binary-expr","locations":[{"start":{"line":21,"column":7},"end":{"line":21,"column":22}},{"start":{"line":22,"column":8},"end":{"line":25,"column":14}}],"line":21}},"s":{"0":9,"1":9,"2":9,"3":2,"4":9,"5":2,"6":3,"7":3,"8":0,"9":3},"f":{"0":9,"1":9,"2":9,"3":3,"4":0},"b":{"0":[9,3]},"_coverageSchema":"1a1c01bbd47fc00a2c39e90264f33305004495a9","hash":"ba66e5ddfde7864cc1274b59fd185e7366816283"}
,"/home/saidg/Desktop/zemoso-training/blinklist-app/src/components/organisms/Banner/Banner.tsx": {"path":"/home/saidg/Desktop/zemoso-training/blinklist-app/src/components/organisms/Banner/Banner.tsx","statementMap":{"0":{"start":{"line":5,"column":15},"end":{"line":22,"column":1}},"1":{"start":{"line":6,"column":4},"end":{"line":21,"column":5}}},"fnMap":{"0":{"name":"(anonymous_0)","decl":{"start":{"line":5,"column":15},"end":{"line":5,"column":16}},"loc":{"start":{"line":5,"column":21},"end":{"line":22,"column":1}},"line":5}},"branchMap":{},"s":{"0":2,"1":4},"f":{"0":4},"b":{},"_coverageSchema":"1a1c01bbd47fc00a2c39e90264f33305004495a9","hash":"9039e952e27996714ea35916b4b77c80e7e34aa2"}
,"/home/saidg/Desktop/zemoso-training/blinklist-app/src/components/organisms/BookDetails/BookDetails.tsx": {"path":"/home/saidg/Desktop/zemoso-training/blinklist-app/src/components/organisms/BookDetails/BookDetails.tsx","statementMap":{"0":{"start":{"line":7,"column":23},"end":{"line":13,"column":2}},"1":{"start":{"line":18,"column":20},"end":{"line":40,"column":1}},"2":{"start":{"line":19,"column":20},"end":{"line":19,"column":36}},"3":{"start":{"line":20,"column":4},"end":{"line":39,"column":5}}},"fnMap":{"0":{"name":"(anonymous_0)","decl":{"start":{"line":18,"column":20},"end":{"line":18,"column":21}},"loc":{"start":{"line":18,"column":45},"end":{"line":40,"column":1}},"line":18}},"branchMap":{},"s":{"0":3,"1":3,"2":4,"3":4},"f":{"0":4},"b":{},"_coverageSchema":"1a1c01bbd47fc00a2c39e90264f33305004495a9","hash":"37f14169619516a5a77df4d13cc78589ee915587"}
,"/home/saidg/Desktop/zemoso-training/blinklist-app/src/components/organisms/BookGrid/BookGrid.tsx": {"path":"/home/saidg/Desktop/zemoso-training/blinklist-app/src/components/organisms/BookGrid/BookGrid.tsx","statementMap":{"0":{"start":{"line":9,"column":18},"end":{"line":18,"column":2}},"1":{"start":{"line":26,"column":17},"end":{"line":56,"column":1}},"2":{"start":{"line":27,"column":20},"end":{"line":27,"column":31}},"3":{"start":{"line":28,"column":21},"end":{"line":28,"column":34}},"4":{"start":{"line":29,"column":20},"end":{"line":29,"column":65}},"5":{"start":{"line":29,"column":53},"end":{"line":29,"column":64}},"6":{"start":{"line":31,"column":4},"end":{"line":33,"column":18}},"7":{"start":{"line":32,"column":7},"end":{"line":32,"column":27}},"8":{"start":{"line":35,"column":2},"end":{"line":55,"column":3}},"9":{"start":{"line":40,"column":20},"end":{"line":44,"column":21}},"10":{"start":{"line":46,"column":39},"end":{"line":46,"column":60}},"11":{"start":{"line":47,"column":20},"end":{"line":51,"column":21}}},"fnMap":{"0":{"name":"(anonymous_0)","decl":{"start":{"line":26,"column":17},"end":{"line":26,"column":18}},"loc":{"start":{"line":26,"column":47},"end":{"line":56,"column":1}},"line":26},"1":{"name":"(anonymous_1)","decl":{"start":{"line":29,"column":32},"end":{"line":29,"column":33}},"loc":{"start":{"line":29,"column":53},"end":{"line":29,"column":64}},"line":29},"2":{"name":"(anonymous_2)","decl":{"start":{"line":31,"column":14},"end":{"line":31,"column":15}},"loc":{"start":{"line":31,"column":20},"end":{"line":33,"column":5}},"line":31},"3":{"name":"(anonymous_3)","decl":{"start":{"line":39,"column":26},"end":{"line":39,"column":27}},"loc":{"start":{"line":39,"column":36},"end":{"line":45,"column":17}},"line":39},"4":{"name":"(anonymous_4)","decl":{"start":{"line":46,"column":29},"end":{"line":46,"column":30}},"loc":{"start":{"line":46,"column":39},"end":{"line":46,"column":60}},"line":46},"5":{"name":"(anonymous_5)","decl":{"start":{"line":46,"column":66},"end":{"line":46,"column":67}},"loc":{"start":{"line":46,"column":74},"end":{"line":52,"column":17}},"line":46}},"branchMap":{"0":{"loc":{"start":{"line":38,"column":16},"end":{"line":52,"column":18}},"type":"cond-expr","locations":[{"start":{"line":39,"column":16},"end":{"line":45,"column":18}},{"start":{"line":46,"column":16},"end":{"line":52,"column":18}}],"line":38}},"s":{"0":5,"1":5,"2":13,"3":13,"4":13,"5":18,"6":13,"7":8,"8":13,"9":0,"10":0,"11":0},"f":{"0":13,"1":18,"2":8,"3":0,"4":0,"5":0},"b":{"0":[7,6]},"_coverageSchema":"1a1c01bbd47fc00a2c39e90264f33305004495a9","hash":"c8d3e9f75bc428baaa6fc7766868647c93aec4e1"}
,"/home/saidg/Desktop/zemoso-training/blinklist-app/src/components/organisms/BookPage/BookPage.tsx": {"path":"/home/saidg/Desktop/zemoso-training/blinklist-app/src/components/organisms/BookPage/BookPage.tsx","statementMap":{"0":{"start":{"line":9,"column":17},"end":{"line":32,"column":1}},"1":{"start":{"line":11,"column":17},"end":{"line":11,"column":28}},"2":{"start":{"line":12,"column":19},"end":{"line":12,"column":32}},"3":{"start":{"line":14,"column":19},"end":{"line":14,"column":64}},"4":{"start":{"line":14,"column":53},"end":{"line":14,"column":63}},"5":{"start":{"line":15,"column":2},"end":{"line":17,"column":8}},"6":{"start":{"line":16,"column":5},"end":{"line":16,"column":29}},"7":{"start":{"line":21,"column":2},"end":{"line":31,"column":3}}},"fnMap":{"0":{"name":"(anonymous_0)","decl":{"start":{"line":9,"column":17},"end":{"line":9,"column":18}},"loc":{"start":{"line":9,"column":23},"end":{"line":32,"column":1}},"line":9},"1":{"name":"(anonymous_1)","decl":{"start":{"line":14,"column":31},"end":{"line":14,"column":32}},"loc":{"start":{"line":14,"column":53},"end":{"line":14,"column":63}},"line":14},"2":{"name":"(anonymous_2)","decl":{"start":{"line":15,"column":12},"end":{"line":15,"column":13}},"loc":{"start":{"line":15,"column":18},"end":{"line":17,"column":3}},"line":15}},"branchMap":{},"s":{"0":2,"1":5,"2":3,"3":3,"4":3,"5":3,"6":0,"7":3},"f":{"0":5,"1":3,"2":0},"b":{},"_coverageSchema":"1a1c01bbd47fc00a2c39e90264f33305004495a9","hash":"28a30f6f274e4870f2b15c52a2ad2128a54d04fc"}
,"/home/saidg/Desktop/zemoso-training/blinklist-app/src/components/organisms/BooksGroup/BooksGroup.tsx": {"path":"/home/saidg/Desktop/zemoso-training/blinklist-app/src/components/organisms/BooksGroup/BooksGroup.tsx","statementMap":{"0":{"start":{"line":7,"column":17},"end":{"line":13,"column":1}},"1":{"start":{"line":18,"column":19},"end":{"line":28,"column":1}},"2":{"start":{"line":19,"column":2},"end":{"line":27,"column":3}}},"fnMap":{"0":{"name":"(anonymous_0)","decl":{"start":{"line":18,"column":19},"end":{"line":18,"column":20}},"loc":{"start":{"line":18,"column":41},"end":{"line":28,"column":1}},"line":18}},"branchMap":{},"s":{"0":2,"1":2,"2":3},"f":{"0":3},"b":{},"_coverageSchema":"1a1c01bbd47fc00a2c39e90264f33305004495a9","hash":"5dd8b8a019718f67e2a43dfc508f65022516bdca"}
,"/home/saidg/Desktop/zemoso-training/blinklist-app/src/components/organisms/DropDown/DropDown.tsx": {"path":"/home/saidg/Desktop/zemoso-training/blinklist-app/src/components/organisms/DropDown/DropDown.tsx","statementMap":{"0":{"start":{"line":7,"column":10},"end":{"line":67,"column":1}},"1":{"start":{"line":69,"column":18},"end":{"line":75,"column":2}},"2":{"start":{"line":80,"column":16},"end":{"line":128,"column":1}},"3":{"start":{"line":81,"column":19},"end":{"line":81,"column":30}},"4":{"start":{"line":82,"column":16},"end":{"line":82,"column":33}},"5":{"start":{"line":83,"column":2},"end":{"line":127,"column":3}},"6":{"start":{"line":114,"column":17},"end":{"line":120,"column":18}},"7":{"start":{"line":134,"column":17},"end":{"line":142,"column":1}},"8":{"start":{"line":135,"column":4},"end":{"line":141,"column":5}}},"fnMap":{"0":{"name":"(anonymous_0)","decl":{"start":{"line":80,"column":16},"end":{"line":80,"column":17}},"loc":{"start":{"line":80,"column":60},"end":{"line":128,"column":1}},"line":80},"1":{"name":"(anonymous_1)","decl":{"start":{"line":113,"column":21},"end":{"line":113,"column":22}},"loc":{"start":{"line":113,"column":29},"end":{"line":121,"column":16}},"line":113},"2":{"name":"(anonymous_2)","decl":{"start":{"line":134,"column":17},"end":{"line":134,"column":18}},"loc":{"start":{"line":134,"column":53},"end":{"line":142,"column":1}},"line":134}},"branchMap":{},"s":{"0":5,"1":5,"2":5,"3":1,"4":1,"5":1,"6":15,"7":5,"8":1},"f":{"0":1,"1":15,"2":1},"b":{},"_coverageSchema":"1a1c01bbd47fc00a2c39e90264f33305004495a9","hash":"c184a3fa5cb0c7bfc493e137956fde4ad00e50ec"}
,"/home/saidg/Desktop/zemoso-training/blinklist-app/src/components/organisms/Footer/Footer.tsx": {"path":"/home/saidg/Desktop/zemoso-training/blinklist-app/src/components/organisms/Footer/Footer.tsx","statementMap":{"0":{"start":{"line":6,"column":17},"end":{"line":15,"column":1}},"1":{"start":{"line":7,"column":4},"end":{"line":14,"column":5}},"2":{"start":{"line":17,"column":15},"end":{"line":32,"column":1}},"3":{"start":{"line":18,"column":2},"end":{"line":31,"column":3}}},"fnMap":{"0":{"name":"(anonymous_0)","decl":{"start":{"line":6,"column":17},"end":{"line":6,"column":18}},"loc":{"start":{"line":6,"column":23},"end":{"line":15,"column":1}},"line":6},"1":{"name":"(anonymous_1)","decl":{"start":{"line":17,"column":15},"end":{"line":17,"column":16}},"loc":{"start":{"line":17,"column":21},"end":{"line":32,"column":1}},"line":17}},"branchMap":{},"s":{"0":4,"1":6,"2":4,"3":6},"f":{"0":6,"1":6},"b":{},"_coverageSchema":"1a1c01bbd47fc00a2c39e90264f33305004495a9","hash":"7b774f02947c905f17640994205ea8e5ae548346"}
,"/home/saidg/Desktop/zemoso-training/blinklist-app/src/components/organisms/Header/Header.tsx": {"path":"/home/saidg/Desktop/zemoso-training/blinklist-app/src/components/organisms/Header/Header.tsx","statementMap":{"0":{"start":{"line":7,"column":15},"end":{"line":57,"column":1}},"1":{"start":{"line":8,"column":36},"end":{"line":8,"column":70}},"2":{"start":{"line":9,"column":24},"end":{"line":15,"column":5}},"3":{"start":{"line":10,"column":6},"end":{"line":14,"column":9}},"4":{"start":{"line":11,"column":8},"end":{"line":11,"column":41}},"5":{"start":{"line":13,"column":12},"end":{"line":13,"column":26}},"6":{"start":{"line":17,"column":24},"end":{"line":19,"column":5}},"7":{"start":{"line":18,"column":6},"end":{"line":18,"column":24}},"8":{"start":{"line":23,"column":4},"end":{"line":56,"column":5}}},"fnMap":{"0":{"name":"(anonymous_0)","decl":{"start":{"line":7,"column":15},"end":{"line":7,"column":16}},"loc":{"start":{"line":7,"column":21},"end":{"line":57,"column":1}},"line":7},"1":{"name":"(anonymous_1)","decl":{"start":{"line":9,"column":24},"end":{"line":9,"column":25}},"loc":{"start":{"line":9,"column":72},"end":{"line":15,"column":5}},"line":9},"2":{"name":"(anonymous_2)","decl":{"start":{"line":17,"column":24},"end":{"line":17,"column":25}},"loc":{"start":{"line":17,"column":30},"end":{"line":19,"column":5}},"line":17}},"branchMap":{"0":{"loc":{"start":{"line":10,"column":6},"end":{"line":14,"column":9}},"type":"if","locations":[{"start":{"line":10,"column":6},"end":{"line":14,"column":9}},{"start":{"line":12,"column":13},"end":{"line":14,"column":9}}],"line":10},"1":{"loc":{"start":{"line":39,"column":32},"end":{"line":39,"column":122}},"type":"cond-expr","locations":[{"start":{"line":39,"column":44},"end":{"line":39,"column":104}},{"start":{"line":39,"column":107},"end":{"line":39,"column":122}}],"line":39},"2":{"loc":{"start":{"line":53,"column":13},"end":{"line":53,"column":83}},"type":"binary-expr","locations":[{"start":{"line":53,"column":13},"end":{"line":53,"column":21}},{"start":{"line":53,"column":25},"end":{"line":53,"column":83}}],"line":53}},"s":{"0":4,"1":6,"2":6,"3":0,"4":0,"5":0,"6":6,"7":0,"8":6},"f":{"0":6,"1":0,"2":0},"b":{"0":[0,0],"1":[6,0],"2":[6,0]},"_coverageSchema":"1a1c01bbd47fc00a2c39e90264f33305004495a9","hash":"4f5af6947ac00e371f281de8825f32bbcca3ebd0"}
,"/home/saidg/Desktop/zemoso-training/blinklist-app/src/components/pages/BookDetailPage/BookDetailPage.tsx": {"path":"/home/saidg/Desktop/zemoso-training/blinklist-app/src/components/pages/BookDetailPage/BookDetailPage.tsx","statementMap":{"0":{"start":{"line":5,"column":23},"end":{"line":12,"column":1}},"1":{"start":{"line":6,"column":2},"end":{"line":11,"column":3}}},"fnMap":{"0":{"name":"(anonymous_0)","decl":{"start":{"line":5,"column":23},"end":{"line":5,"column":24}},"loc":{"start":{"line":5,"column":29},"end":{"line":12,"column":1}},"line":5}},"branchMap":{},"s":{"0":1,"1":2},"f":{"0":2},"b":{},"_coverageSchema":"1a1c01bbd47fc00a2c39e90264f33305004495a9","hash":"4983bf5b70226caeb1f87e52340ebcdda8fee7e0"}
,"/home/saidg/Desktop/zemoso-training/blinklist-app/src/components/pages/LandingPage/LandingPage.tsx": {"path":"/home/saidg/Desktop/zemoso-training/blinklist-app/src/components/pages/LandingPage/LandingPage.tsx","statementMap":{"0":{"start":{"line":7,"column":20},"end":{"line":15,"column":1}},"1":{"start":{"line":8,"column":2},"end":{"line":14,"column":3}}},"fnMap":{"0":{"name":"(anonymous_0)","decl":{"start":{"line":7,"column":20},"end":{"line":7,"column":21}},"loc":{"start":{"line":7,"column":26},"end":{"line":15,"column":1}},"line":7}},"branchMap":{},"s":{"0":1,"1":1},"f":{"0":1},"b":{},"_coverageSchema":"1a1c01bbd47fc00a2c39e90264f33305004495a9","hash":"8a071e9389e08f94cfee4eba287adf93e2085961"}
,"/home/saidg/Desktop/zemoso-training/blinklist-app/src/components/pages/MyLibrary/MyLibrary.tsx": {"path":"/home/saidg/Desktop/zemoso-training/blinklist-app/src/components/pages/MyLibrary/MyLibrary.tsx","statementMap":{"0":{"start":{"line":5,"column":18},"end":{"line":15,"column":1}},"1":{"start":{"line":6,"column":2},"end":{"line":14,"column":3}}},"fnMap":{"0":{"name":"(anonymous_0)","decl":{"start":{"line":5,"column":18},"end":{"line":5,"column":19}},"loc":{"start":{"line":5,"column":24},"end":{"line":15,"column":1}},"line":5}},"branchMap":{},"s":{"0":1,"1":1},"f":{"0":1},"b":{},"_coverageSchema":"1a1c01bbd47fc00a2c39e90264f33305004495a9","hash":"b300adef537e6e7233d5fc3feb9db373a144e0ed"}
,"/home/saidg/Desktop/zemoso-training/blinklist-app/src/components/template/Template.tsx": {"path":"/home/saidg/Desktop/zemoso-training/blinklist-app/src/components/template/Template.tsx","statementMap":{"0":{"start":{"line":10,"column":17},"end":{"line":18,"column":1}},"1":{"start":{"line":11,"column":2},"end":{"line":17,"column":3}}},"fnMap":{"0":{"name":"(anonymous_0)","decl":{"start":{"line":10,"column":17},"end":{"line":10,"column":18}},"loc":{"start":{"line":10,"column":42},"end":{"line":18,"column":1}},"line":10}},"branchMap":{},"s":{"0":3,"1":3},"f":{"0":3},"b":{},"_coverageSchema":"1a1c01bbd47fc00a2c39e90264f33305004495a9","hash":"0b3a07d784fe2c0c4fb7fad124aa5c8190501912"}
,"/home/saidg/Desktop/zemoso-training/blinklist-app/src/features/BookReducer.tsx": {"path":"/home/saidg/Desktop/zemoso-training/blinklist-app/src/features/BookReducer.tsx","statementMap":{"0":{"start":{"line":5,"column":23},"end":{"line":16,"column":1}},"1":{"start":{"line":8,"column":31},"end":{"line":8,"column":37}},"2":{"start":{"line":9,"column":8},"end":{"line":9,"column":38}},"3":{"start":{"line":10,"column":8},"end":{"line":10,"column":41}},"4":{"start":{"line":11,"column":26},"end":{"line":13,"column":10}},"5":{"start":{"line":14,"column":8},"end":{"line":14,"column":20}},"6":{"start":{"line":18,"column":26},"end":{"line":25,"column":1}},"7":{"start":{"line":21,"column":25},"end":{"line":21,"column":77}},"8":{"start":{"line":22,"column":8},"end":{"line":22,"column":41}},"9":{"start":{"line":23,"column":8},"end":{"line":23,"column":20}},"10":{"start":{"line":31,"column":28},"end":{"line":34,"column":1}},"11":{"start":{"line":35,"column":18},"end":{"line":67,"column":2}},"12":{"start":{"line":40,"column":8},"end":{"line":42,"column":10}},"13":{"start":{"line":41,"column":12},"end":{"line":41,"column":36}},"14":{"start":{"line":43,"column":8},"end":{"line":46,"column":10}},"15":{"start":{"line":44,"column":12},"end":{"line":44,"column":36}},"16":{"start":{"line":45,"column":12},"end":{"line":45,"column":39}},"17":{"start":{"line":48,"column":8},"end":{"line":50,"column":10}},"18":{"start":{"line":49,"column":12},"end":{"line":49,"column":35}},"19":{"start":{"line":52,"column":8},"end":{"line":54,"column":10}},"20":{"start":{"line":53,"column":12},"end":{"line":53,"column":36}},"21":{"start":{"line":56,"column":8},"end":{"line":59,"column":10}},"22":{"start":{"line":57,"column":12},"end":{"line":57,"column":36}},"23":{"start":{"line":58,"column":12},"end":{"line":58,"column":32}},"24":{"start":{"line":61,"column":8},"end":{"line":63,"column":10}},"25":{"start":{"line":62,"column":12},"end":{"line":62,"column":35}}},"fnMap":{"0":{"name":"(anonymous_0)","decl":{"start":{"line":6,"column":4},"end":{"line":6,"column":5}},"loc":{"start":{"line":6,"column":76},"end":{"line":15,"column":5}},"line":6},"1":{"name":"(anonymous_1)","decl":{"start":{"line":20,"column":4},"end":{"line":20,"column":5}},"loc":{"start":{"line":20,"column":38},"end":{"line":24,"column":5}},"line":20},"2":{"name":"(anonymous_2)","decl":{"start":{"line":39,"column":19},"end":{"line":39,"column":20}},"loc":{"start":{"line":39,"column":32},"end":{"line":64,"column":5}},"line":39},"3":{"name":"(anonymous_3)","decl":{"start":{"line":40,"column":41},"end":{"line":40,"column":42}},"loc":{"start":{"line":40,"column":60},"end":{"line":42,"column":9}},"line":40},"4":{"name":"(anonymous_4)","decl":{"start":{"line":43,"column":43},"end":{"line":43,"column":44}},"loc":{"start":{"line":43,"column":62},"end":{"line":46,"column":9}},"line":43},"5":{"name":"(anonymous_5)","decl":{"start":{"line":48,"column":42},"end":{"line":48,"column":43}},"loc":{"start":{"line":48,"column":61},"end":{"line":50,"column":9}},"line":48},"6":{"name":"(anonymous_6)","decl":{"start":{"line":52,"column":44},"end":{"line":52,"column":45}},"loc":{"start":{"line":52,"column":63},"end":{"line":54,"column":9}},"line":52},"7":{"name":"(anonymous_7)","decl":{"start":{"line":56,"column":46},"end":{"line":56,"column":47}},"loc":{"start":{"line":56,"column":68},"end":{"line":59,"column":9}},"line":56},"8":{"name":"(anonymous_8)","decl":{"start":{"line":61,"column":45},"end":{"line":61,"column":46}},"loc":{"start":{"line":61,"column":64},"end":{"line":63,"column":9}},"line":61}},"branchMap":{"0":{"loc":{"start":{"line":12,"column":20},"end":{"line":12,"column":64}},"type":"cond-expr","locations":[{"start":{"line":12,"column":43},"end":{"line":12,"column":53}},{"start":{"line":12,"column":55},"end":{"line":12,"column":64}}],"line":12}},"s":{"0":8,"1":4,"2":4,"3":4,"4":4,"5":0,"6":8,"7":0,"8":0,"9":0,"10":8,"11":8,"12":8,"13":4,"14":8,"15":0,"16":0,"17":8,"18":0,"19":8,"20":0,"21":8,"22":0,"23":0,"24":8,"25":0},"f":{"0":4,"1":0,"2":8,"3":4,"4":0,"5":0,"6":0,"7":0,"8":0},"b":{"0":[4,0]},"_coverageSchema":"1a1c01bbd47fc00a2c39e90264f33305004495a9","hash":"82098633fe796c9130913dbb32e1351e53728198"}
,"/home/saidg/Desktop/zemoso-training/blinklist-app/src/features/BooksReducer.tsx": {"path":"/home/saidg/Desktop/zemoso-training/blinklist-app/src/features/BooksReducer.tsx","statementMap":{"0":{"start":{"line":5,"column":24},"end":{"line":11,"column":1}},"1":{"start":{"line":7,"column":8},"end":{"line":7,"column":31}},"2":{"start":{"line":8,"column":26},"end":{"line":8,"column":72}},"3":{"start":{"line":9,"column":8},"end":{"line":9,"column":28}},"4":{"start":{"line":17,"column":28},"end":{"line":20,"column":1}},"5":{"start":{"line":21,"column":19},"end":{"line":41,"column":2}},"6":{"start":{"line":26,"column":7},"end":{"line":28,"column":9}},"7":{"start":{"line":27,"column":11},"end":{"line":27,"column":35}},"8":{"start":{"line":29,"column":7},"end":{"line":33,"column":9}},"9":{"start":{"line":30,"column":11},"end":{"line":30,"column":35}},"10":{"start":{"line":31,"column":11},"end":{"line":31,"column":44}},"11":{"start":{"line":32,"column":11},"end":{"line":32,"column":32}},"12":{"start":{"line":35,"column":7},"end":{"line":37,"column":9}},"13":{"start":{"line":36,"column":11},"end":{"line":36,"column":34}}},"fnMap":{"0":{"name":"(anonymous_0)","decl":{"start":{"line":6,"column":4},"end":{"line":6,"column":5}},"loc":{"start":{"line":6,"column":16},"end":{"line":10,"column":5}},"line":6},"1":{"name":"(anonymous_1)","decl":{"start":{"line":25,"column":19},"end":{"line":25,"column":20}},"loc":{"start":{"line":25,"column":32},"end":{"line":38,"column":5}},"line":25},"2":{"name":"(anonymous_2)","decl":{"start":{"line":26,"column":41},"end":{"line":26,"column":42}},"loc":{"start":{"line":26,"column":60},"end":{"line":28,"column":8}},"line":26},"3":{"name":"(anonymous_3)","decl":{"start":{"line":29,"column":43},"end":{"line":29,"column":44}},"loc":{"start":{"line":29,"column":65},"end":{"line":33,"column":8}},"line":29},"4":{"name":"(anonymous_4)","decl":{"start":{"line":35,"column":42},"end":{"line":35,"column":43}},"loc":{"start":{"line":35,"column":61},"end":{"line":37,"column":8}},"line":35}},"branchMap":{},"s":{"0":8,"1":8,"2":8,"3":0,"4":8,"5":8,"6":8,"7":8,"8":8,"9":0,"10":0,"11":0,"12":8,"13":0},"f":{"0":8,"1":8,"2":8,"3":0,"4":0},"b":{},"_coverageSchema":"1a1c01bbd47fc00a2c39e90264f33305004495a9","hash":"a09fb799c3080c6478d270b8701e6e1ce722827c"}
,"/home/saidg/Desktop/zemoso-training/blinklist-app/src/store/store.tsx": {"path":"/home/saidg/Desktop/zemoso-training/blinklist-app/src/store/store.tsx","statementMap":{"0":{"start":{"line":5,"column":21},"end":{"line":10,"column":2}}},"fnMap":{},"branchMap":{},"s":{"0":8},"f":{},"b":{},"_coverageSchema":"1a1c01bbd47fc00a2c39e90264f33305004495a9","hash":"bd171ec61cc3e5e05aa68bd9714133ad849d91a2"}
}
