{"/home/saidg/Desktop/zemoso-training/blinklist-app/src/components/atoms/Buttons/Buttons.tsx": {"path":"/home/saidg/Desktop/zemoso-training/blinklist-app/src/components/atoms/Buttons/Buttons.tsx","statementMap":{"0":{"start":{"line":23,"column":16},"end":{"line":39,"column":1}},"1":{"start":{"line":24,"column":96},"end":{"line":24,"column":101}},"2":{"start":{"line":25,"column":2},"end":{"line":38,"column":3}}},"fnMap":{"0":{"name":"(anonymous_0)","decl":{"start":{"line":23,"column":16},"end":{"line":23,"column":17}},"loc":{"start":{"line":23,"column":35},"end":{"line":39,"column":1}},"line":23}},"branchMap":{},"s":{"0":1,"1":1,"2":1},"f":{"0":1},"b":{},"_coverageSchema":"1a1c01bbd47fc00a2c39e90264f33305004495a9","hash":"e04e1acc5a59010652c3e3da96b3ff33a2499fb8"}
,"/home/saidg/Desktop/zemoso-training/blinklist-app/src/components/atoms/NavItems/NavItem.tsx": {"path":"/home/saidg/Desktop/zemoso-training/blinklist-app/src/components/atoms/NavItems/NavItem.tsx","statementMap":{"0":{"start":{"line":16,"column":16},"end":{"line":31,"column":1}},"1":{"start":{"line":18,"column":2},"end":{"line":30,"column":3}}},"fnMap":{"0":{"name":"(anonymous_0)","decl":{"start":{"line":16,"column":16},"end":{"line":16,"column":17}},"loc":{"start":{"line":16,"column":95},"end":{"line":31,"column":1}},"line":16}},"branchMap":{},"s":{"0":1,"1":1},"f":{"0":1},"b":{},"_coverageSchema":"1a1c01bbd47fc00a2c39e90264f33305004495a9","hash":"38a6ac9cdc33f9ebd86b9c91a1dc7f6f13a0f212"}
,"/home/saidg/Desktop/zemoso-training/blinklist-app/src/components/molecules/Lists/Lists.tsx": {"path":"/home/saidg/Desktop/zemoso-training/blinklist-app/src/components/molecules/Lists/Lists.tsx","statementMap":{"0":{"start":{"line":3,"column":14},"end":{"line":98,"column":1}},"1":{"start":{"line":4,"column":2},"end":{"line":97,"column":3}}},"fnMap":{"0":{"name":"(anonymous_0)","decl":{"start":{"line":3,"column":14},"end":{"line":3,"column":15}},"loc":{"start":{"line":3,"column":20},"end":{"line":98,"column":1}},"line":3}},"branchMap":{},"s":{"0":2,"1":5},"f":{"0":5},"b":{},"_coverageSchema":"1a1c01bbd47fc00a2c39e90264f33305004495a9","hash":"00041cea4a85a9276a2e5317b542c339b1382206"}
,"/home/saidg/Desktop/zemoso-training/blinklist-app/src/components/molecules/ReadAgain/ReadAgain.tsx": {"path":"/home/saidg/Desktop/zemoso-training/blinklist-app/src/components/molecules/ReadAgain/ReadAgain.tsx","statementMap":{"0":{"start":{"line":7,"column":18},"end":{"line":20,"column":1}},"1":{"start":{"line":8,"column":2},"end":{"line":19,"column":3}}},"fnMap":{"0":{"name":"(anonymous_0)","decl":{"start":{"line":7,"column":18},"end":{"line":7,"column":19}},"loc":{"start":{"line":7,"column":40},"end":{"line":20,"column":1}},"line":7}},"branchMap":{},"s":{"0":1,"1":2},"f":{"0":2},"b":{},"_coverageSchema":"1a1c01bbd47fc00a2c39e90264f33305004495a9","hash":"fa2cfa9ac25006a3071af32c567834b14c9f5066"}
,"/home/saidg/Desktop/zemoso-training/blinklist-app/src/components/molecules/TabsMenu/TabsMenu.tsx": {"path":"/home/saidg/Desktop/zemoso-training/blinklist-app/src/components/molecules/TabsMenu/TabsMenu.tsx","statementMap":{"0":{"start":{"line":11,"column":47},"end":{"line":11,"column":52}},"1":{"start":{"line":13,"column":2},"end":{"line":28,"column":4}},"2":{"start":{"line":32,"column":2},"end":{"line":35,"column":4}},"3":{"start":{"line":41,"column":14},"end":{"line":47,"column":1}},"4":{"start":{"line":42,"column":2},"end":{"line":46,"column":3}},"5":{"start":{"line":49,"column":17},"end":{"line":92,"column":1}},"6":{"start":{"line":50,"column":28},"end":{"line":50,"column":45}},"7":{"start":{"line":52,"column":23},"end":{"line":54,"column":3}},"8":{"start":{"line":53,"column":4},"end":{"line":53,"column":23}},"9":{"start":{"line":56,"column":2},"end":{"line":91,"column":3}}},"fnMap":{"0":{"name":"TabPanel","decl":{"start":{"line":10,"column":9},"end":{"line":10,"column":17}},"loc":{"start":{"line":10,"column":40},"end":{"line":29,"column":1}},"line":10},"1":{"name":"a11yProps","decl":{"start":{"line":31,"column":9},"end":{"line":31,"column":18}},"loc":{"start":{"line":31,"column":34},"end":{"line":36,"column":1}},"line":31},"2":{"name":"(anonymous_2)","decl":{"start":{"line":41,"column":14},"end":{"line":41,"column":15}},"loc":{"start":{"line":41,"column":39},"end":{"line":47,"column":1}},"line":41},"3":{"name":"(anonymous_3)","decl":{"start":{"line":49,"column":17},"end":{"line":49,"column":18}},"loc":{"start":{"line":49,"column":23},"end":{"line":92,"column":1}},"line":49},"4":{"name":"(anonymous_4)","decl":{"start":{"line":52,"column":23},"end":{"line":52,"column":24}},"loc":{"start":{"line":52,"column":74},"end":{"line":54,"column":3}},"line":52}},"branchMap":{"0":{"loc":{"start":{"line":21,"column":7},"end":{"line":26,"column":7}},"type":"binary-expr","locations":[{"start":{"line":21,"column":7},"end":{"line":21,"column":22}},{"start":{"line":22,"column":8},"end":{"line":25,"column":14}}],"line":21}},"s":{"0":6,"1":6,"2":6,"3":1,"4":6,"5":1,"6":2,"7":2,"8":0,"9":2},"f":{"0":6,"1":6,"2":6,"3":2,"4":0},"b":{"0":[6,2]},"_coverageSchema":"1a1c01bbd47fc00a2c39e90264f33305004495a9","hash":"ba66e5ddfde7864cc1274b59fd185e7366816283"}
,"/home/saidg/Desktop/zemoso-training/blinklist-app/src/components/organisms/Banner/Banner.tsx": {"path":"/home/saidg/Desktop/zemoso-training/blinklist-app/src/components/organisms/Banner/Banner.tsx","statementMap":{"0":{"start":{"line":5,"column":15},"end":{"line":22,"column":1}},"1":{"start":{"line":6,"column":4},"end":{"line":21,"column":5}}},"fnMap":{"0":{"name":"(anonymous_0)","decl":{"start":{"line":5,"column":15},"end":{"line":5,"column":16}},"loc":{"start":{"line":5,"column":21},"end":{"line":22,"column":1}},"line":5}},"branchMap":{},"s":{"0":1,"1":3},"f":{"0":3},"b":{},"_coverageSchema":"1a1c01bbd47fc00a2c39e90264f33305004495a9","hash":"9039e952e27996714ea35916b4b77c80e7e34aa2"}
,"/home/saidg/Desktop/zemoso-training/blinklist-app/src/components/organisms/Footer/Footer.tsx": {"path":"/home/saidg/Desktop/zemoso-training/blinklist-app/src/components/organisms/Footer/Footer.tsx","statementMap":{"0":{"start":{"line":6,"column":17},"end":{"line":15,"column":1}},"1":{"start":{"line":7,"column":4},"end":{"line":14,"column":5}},"2":{"start":{"line":17,"column":15},"end":{"line":32,"column":1}},"3":{"start":{"line":18,"column":2},"end":{"line":31,"column":3}}},"fnMap":{"0":{"name":"(anonymous_0)","decl":{"start":{"line":6,"column":17},"end":{"line":6,"column":18}},"loc":{"start":{"line":6,"column":23},"end":{"line":15,"column":1}},"line":6},"1":{"name":"(anonymous_1)","decl":{"start":{"line":17,"column":15},"end":{"line":17,"column":16}},"loc":{"start":{"line":17,"column":21},"end":{"line":32,"column":1}},"line":17}},"branchMap":{},"s":{"0":1,"1":3,"2":1,"3":3},"f":{"0":3,"1":3},"b":{},"_coverageSchema":"1a1c01bbd47fc00a2c39e90264f33305004495a9","hash":"7b774f02947c905f17640994205ea8e5ae548346"}
}
