TN:
SF:src/LogoutButton.tsx
FN:7,(anonymous_0)
FN:10,(anonymous_1)
FN:18,(anonymous_2)
FN:59,(anonymous_3)
FNF:4
FNH:1
FNDA:7,(anonymous_0)
FNDA:0,(anonymous_1)
FNDA:0,(anonymous_2)
FNDA:0,(anonymous_3)
DA:7,5
DA:8,7
DA:9,7
DA:10,7
DA:11,0
DA:12,0
DA:15,0
DA:18,7
DA:19,0
DA:21,7
DA:22,7
DA:59,0
LF:12
LH:7
BRDA:11,0,0,0
BRDA:11,0,1,0
BRDA:27,1,0,0
BRDA:27,1,1,7
BRDA:29,2,0,0
BRDA:29,2,1,7
BRDA:38,3,0,7
BRDA:38,3,1,0
BRF:8
BRH:3
end_of_record
TN:
SF:src/components/Icons.tsx
FNF:0
FNH:0
DA:4,15
DA:9,15
DA:14,15
DA:20,15
DA:25,15
DA:30,15
DA:35,15
DA:40,15
DA:45,15
LF:9
LH:9
BRF:0
BRH:0
end_of_record
TN:
SF:src/components/atoms/Buttons/Buttons.tsx
FN:23,(anonymous_0)
FNF:1
FNH:1
FNDA:21,(anonymous_0)
DA:23,9
DA:24,21
DA:25,21
LF:3
LH:3
BRF:0
BRH:0
end_of_record
TN:
SF:src/components/atoms/NavItems/NavItem.tsx
FN:16,(anonymous_0)
FNF:1
FNH:1
FNDA:25,(anonymous_0)
DA:16,13
DA:18,25
LF:2
LH:2
BRF:0
BRH:0
end_of_record
TN:
SF:src/components/molecules/BookCard/BookCard.tsx
FN:13,(anonymous_0)
FN:16,(anonymous_1)
FN:54,(anonymous_2)
FN:65,(anonymous_3)
FNF:4
FNH:4
FNDA:4,(anonymous_0)
FNDA:4,(anonymous_1)
FNDA:1,(anonymous_2)
FNDA:3,(anonymous_3)
DA:13,6
DA:14,4
DA:15,4
DA:16,4
DA:17,4
DA:19,4
DA:55,1
DA:65,6
DA:67,3
LF:9
LH:9
BRDA:41,0,0,0
BRDA:41,0,1,4
BRDA:70,1,0,3
BRDA:70,1,1,0
BRF:4
BRH:2
end_of_record
TN:
SF:src/components/molecules/ButtonsRow/ButtonsRow.tsx
FN:6,(anonymous_0)
FNF:1
FNH:1
FNDA:6,(anonymous_0)
DA:6,4
DA:7,6
LF:2
LH:2
BRF:0
BRH:0
end_of_record
TN:
SF:src/components/molecules/Lists/Lists.tsx
FN:3,(anonymous_0)
FNF:1
FNH:1
FNDA:8,(anonymous_0)
DA:3,5
DA:4,8
LF:2
LH:2
BRF:0
BRH:0
end_of_record
TN:
SF:src/components/molecules/ReadAgain/ReadAgain.tsx
FN:7,(anonymous_0)
FNF:1
FNH:1
FNDA:3,(anonymous_0)
DA:7,4
DA:8,3
LF:2
LH:2
BRF:0
BRH:0
end_of_record
TN:
SF:src/components/molecules/SearchComponent/SearchComponent.tsx
FN:4,(anonymous_0)
FNF:1
FNH:1
FNDA:3,(anonymous_0)
DA:4,2
DA:5,3
LF:2
LH:2
BRF:0
BRH:0
end_of_record
TN:
SF:src/components/molecules/TabsBar/TabsBar.tsx
FN:12,TabPanel
FN:33,a11yProps
FN:43,(anonymous_2)
FN:52,(anonymous_3)
FN:55,(anonymous_4)
FNF:5
FNH:4
FNDA:8,TabPanel
FNDA:8,a11yProps
FNDA:8,(anonymous_2)
FNDA:4,(anonymous_3)
FNDA:0,(anonymous_4)
DA:13,8
DA:15,8
DA:34,8
DA:43,2
DA:44,8
DA:52,2
DA:53,4
DA:55,4
DA:56,0
DA:59,4
LF:10
LH:9
BRDA:23,0,0,8
BRDA:23,0,1,4
BRF:2
BRH:2
end_of_record
TN:
SF:src/components/molecules/TabsMenu/TabsMenu.tsx
FN:10,TabPanel
FN:31,a11yProps
FN:41,(anonymous_2)
FN:49,(anonymous_3)
FN:52,(anonymous_4)
FNF:5
FNH:4
FNDA:9,TabPanel
FNDA:9,a11yProps
FNDA:9,(anonymous_2)
FNDA:3,(anonymous_3)
FNDA:0,(anonymous_4)
DA:11,9
DA:13,9
DA:32,9
DA:41,2
DA:42,9
DA:49,2
DA:50,3
DA:52,3
DA:53,0
DA:56,3
LF:10
LH:9
BRDA:21,0,0,9
BRDA:21,0,1,3
BRF:2
BRH:2
end_of_record
TN:
SF:src/components/organisms/Banner/Banner.tsx
FN:5,(anonymous_0)
FNF:1
FNH:1
FNDA:4,(anonymous_0)
DA:5,2
DA:6,4
LF:2
LH:2
BRF:0
BRH:0
end_of_record
TN:
SF:src/components/organisms/BookDetails/BookDetails.tsx
FN:20,(anonymous_0)
FNF:1
FNH:1
FNDA:5,(anonymous_0)
DA:7,3
DA:20,3
DA:21,5
DA:22,5
DA:23,5
LF:5
LH:5
BRF:0
BRH:0
end_of_record
TN:
SF:src/components/organisms/BookGrid/BookGrid.tsx
FN:26,(anonymous_0)
FN:29,(anonymous_1)
FN:31,(anonymous_2)
FN:39,(anonymous_3)
FN:46,(anonymous_4)
FN:46,(anonymous_5)
FNF:6
FNH:3
FNDA:13,(anonymous_0)
FNDA:18,(anonymous_1)
FNDA:8,(anonymous_2)
FNDA:0,(anonymous_3)
FNDA:0,(anonymous_4)
FNDA:0,(anonymous_5)
DA:9,5
DA:26,5
DA:27,13
DA:28,13
DA:29,18
DA:31,13
DA:32,8
DA:35,13
DA:40,0
DA:46,0
DA:47,0
LF:11
LH:8
BRDA:38,0,0,7
BRDA:38,0,1,6
BRF:2
BRH:2
end_of_record
TN:
SF:src/components/organisms/BookPage/BookPage.tsx
FN:9,(anonymous_0)
FN:20,(anonymous_1)
FN:21,(anonymous_2)
FNF:3
FNH:3
FNDA:4,(anonymous_0)
FNDA:6,(anonymous_1)
FNDA:2,(anonymous_2)
DA:9,2
DA:11,4
DA:17,4
DA:18,4
DA:20,6
DA:21,4
DA:22,2
DA:27,4
LF:8
LH:8
BRDA:33,0,0,4
BRDA:33,0,1,0
BRF:2
BRH:1
end_of_record
TN:
SF:src/components/organisms/BooksGroup/BooksGroup.tsx
FN:18,(anonymous_0)
FNF:1
FNH:1
FNDA:3,(anonymous_0)
DA:7,2
DA:18,2
DA:19,3
LF:3
LH:3
BRF:0
BRH:0
end_of_record
TN:
SF:src/components/organisms/DropDown/DropDown.tsx
FN:80,(anonymous_0)
FN:113,(anonymous_1)
FN:134,(anonymous_2)
FNF:3
FNH:3
FNDA:1,(anonymous_0)
FNDA:15,(anonymous_1)
FNDA:1,(anonymous_2)
DA:7,5
DA:69,5
DA:80,5
DA:81,1
DA:82,1
DA:83,1
DA:114,15
DA:134,5
DA:135,1
LF:9
LH:9
BRF:0
BRH:0
end_of_record
TN:
SF:src/components/organisms/Footer/Footer.tsx
FN:6,(anonymous_0)
FN:17,(anonymous_1)
FNF:2
FNH:2
FNDA:6,(anonymous_0)
FNDA:6,(anonymous_1)
DA:6,4
DA:7,6
DA:17,4
DA:18,6
LF:4
LH:4
BRF:0
BRH:0
end_of_record
TN:
SF:src/components/organisms/Header/Header.tsx
FN:7,(anonymous_0)
FN:9,(anonymous_1)
FN:17,(anonymous_2)
FNF:3
FNH:1
FNDA:6,(anonymous_0)
FNDA:0,(anonymous_1)
FNDA:0,(anonymous_2)
DA:7,4
DA:8,6
DA:9,6
DA:10,0
DA:11,0
DA:13,0
DA:17,6
DA:18,0
DA:23,6
LF:9
LH:5
BRDA:10,0,0,0
BRDA:10,0,1,0
BRDA:39,1,0,6
BRDA:39,1,1,0
BRDA:53,2,0,6
BRDA:53,2,1,0
BRF:6
BRH:2
end_of_record
TN:
SF:src/components/pages/BookDetailPage/BookDetailPage.tsx
FN:5,(anonymous_0)
FNF:1
FNH:1
FNDA:1,(anonymous_0)
DA:5,1
DA:6,1
LF:2
LH:2
BRF:0
BRH:0
end_of_record
TN:
SF:src/components/pages/LandingPage/LandingPage.tsx
FN:7,(anonymous_0)
FNF:1
FNH:1
FNDA:1,(anonymous_0)
DA:7,1
DA:8,1
LF:2
LH:2
BRF:0
BRH:0
end_of_record
TN:
SF:src/components/pages/MyLibrary/MyLibrary.tsx
FN:5,(anonymous_0)
FNF:1
FNH:1
FNDA:1,(anonymous_0)
DA:5,1
DA:6,1
LF:2
LH:2
BRF:0
BRH:0
end_of_record
TN:
SF:src/components/template/Template.tsx
FN:10,(anonymous_0)
FNF:1
FNH:1
FNDA:3,(anonymous_0)
DA:10,3
DA:11,3
LF:2
LH:2
BRF:0
BRH:0
end_of_record
TN:
SF:src/features/BookReducer.tsx
FN:6,(anonymous_0)
FN:20,(anonymous_1)
FN:39,(anonymous_2)
FN:40,(anonymous_3)
FN:43,(anonymous_4)
FN:48,(anonymous_5)
FN:52,(anonymous_6)
FN:56,(anonymous_7)
FN:61,(anonymous_8)
FNF:9
FNH:5
FNDA:4,(anonymous_0)
FNDA:2,(anonymous_1)
FNDA:8,(anonymous_2)
FNDA:4,(anonymous_3)
FNDA:0,(anonymous_4)
FNDA:0,(anonymous_5)
FNDA:2,(anonymous_6)
FNDA:0,(anonymous_7)
FNDA:0,(anonymous_8)
DA:5,8
DA:8,4
DA:9,4
DA:10,4
DA:11,4
DA:14,0
DA:18,8
DA:21,2
DA:22,0
DA:23,0
DA:31,8
DA:35,8
DA:40,8
DA:41,4
DA:43,8
DA:44,0
DA:45,0
DA:48,8
DA:49,0
DA:52,8
DA:53,2
DA:56,8
DA:57,0
DA:58,0
DA:61,8
DA:62,0
LF:26
LH:17
BRDA:12,0,0,4
BRDA:12,0,1,0
BRF:2
BRH:1
end_of_record
TN:
SF:src/features/BooksReducer.tsx
FN:6,(anonymous_0)
FN:25,(anonymous_1)
FN:26,(anonymous_2)
FN:29,(anonymous_3)
FN:35,(anonymous_4)
FNF:5
FNH:3
FNDA:8,(anonymous_0)
FNDA:8,(anonymous_1)
FNDA:8,(anonymous_2)
FNDA:0,(anonymous_3)
FNDA:0,(anonymous_4)
DA:5,8
DA:7,8
DA:8,8
DA:9,0
DA:17,8
DA:21,8
DA:26,8
DA:27,8
DA:29,8
DA:30,0
DA:31,0
DA:32,0
DA:35,8
DA:36,0
LF:14
LH:9
BRF:0
BRH:0
end_of_record
TN:
SF:src/store/store.tsx
FNF:0
FNH:0
DA:5,8
LF:1
LH:1
BRF:0
BRH:0
end_of_record
