TN:
SF:src/LogoutButton.tsx
FN:7,(anonymous_0)
FN:10,(anonymous_1)
FN:18,(anonymous_2)
FN:60,(anonymous_3)
FNF:4
FNH:1
FNDA:8,(anonymous_0)
FNDA:0,(anonymous_1)
FNDA:0,(anonymous_2)
FNDA:0,(anonymous_3)
DA:7,5
DA:8,8
DA:9,8
DA:10,8
DA:11,0
DA:12,0
DA:15,0
DA:18,8
DA:19,0
DA:21,8
DA:22,8
DA:60,0
LF:12
LH:7
BRDA:11,0,0,0
BRDA:11,0,1,0
BRDA:27,1,0,0
BRDA:27,1,1,8
BRDA:29,2,0,0
BRDA:29,2,1,8
BRDA:38,3,0,8
BRDA:38,3,1,0
BRF:8
BRH:3
end_of_record
TN:
SF:src/components/Icons.tsx
FNF:0
FNH:0
DA:4,15
DA:9,15
DA:14,15
DA:20,15
DA:25,15
DA:30,15
DA:35,15
DA:40,15
DA:45,15
LF:9
LH:9
BRF:0
BRH:0
end_of_record
TN:
SF:src/components/atoms/Buttons/Buttons.tsx
FN:23,(anonymous_0)
FNF:1
FNH:1
FNDA:25,(anonymous_0)
DA:23,9
DA:24,25
DA:25,25
LF:3
LH:3
BRF:0
BRH:0
end_of_record
TN:
SF:src/components/atoms/NavItems/NavItem.tsx
FN:16,(anonymous_0)
FNF:1
FNH:1
FNDA:29,(anonymous_0)
DA:16,13
DA:18,29
LF:2
LH:2
BRF:0
BRH:0
end_of_record
TN:
SF:src/components/molecules/BookCard/BookCard.tsx
FN:14,(anonymous_0)
FN:17,(anonymous_1)
FN:56,(anonymous_2)
FN:67,(anonymous_3)
FNF:4
FNH:4
FNDA:11,(anonymous_0)
FNDA:8,(anonymous_1)
FNDA:1,(anonymous_2)
FNDA:10,(anonymous_3)
DA:14,6
DA:15,11
DA:16,11
DA:17,11
DA:18,8
DA:19,8
DA:21,11
DA:57,1
DA:67,6
DA:69,10
LF:10
LH:10
BRDA:43,0,0,7
BRDA:43,0,1,4
BRDA:72,1,0,10
BRDA:72,1,1,0
BRF:4
BRH:3
end_of_record
TN:
SF:src/components/molecules/ButtonsRow/ButtonsRow.tsx
FN:6,(anonymous_0)
FNF:1
FNH:1
FNDA:6,(anonymous_0)
DA:6,4
DA:7,6
LF:2
LH:2
BRF:0
BRH:0
end_of_record
TN:
SF:src/components/molecules/Lists/Lists.tsx
FN:3,(anonymous_0)
FNF:1
FNH:1
FNDA:8,(anonymous_0)
DA:3,5
DA:4,8
LF:2
LH:2
BRF:0
BRH:0
end_of_record
TN:
SF:src/components/molecules/ReadAgain/ReadAgain.tsx
FN:7,(anonymous_0)
FNF:1
FNH:1
FNDA:3,(anonymous_0)
DA:7,4
DA:8,3
LF:2
LH:2
BRF:0
BRH:0
end_of_record
TN:
SF:src/components/molecules/SearchComponent/SearchComponent.tsx
FN:4,(anonymous_0)
FNF:1
FNH:1
FNDA:3,(anonymous_0)
DA:4,2
DA:5,3
LF:2
LH:2
BRF:0
BRH:0
end_of_record
TN:
SF:src/components/molecules/TabsBar/TabsBar.tsx
FN:12,TabPanel
FN:33,a11yProps
FN:43,(anonymous_2)
FN:52,(anonymous_3)
FN:55,(anonymous_4)
FNF:5
FNH:4
FNDA:8,TabPanel
FNDA:8,a11yProps
FNDA:8,(anonymous_2)
FNDA:4,(anonymous_3)
FNDA:0,(anonymous_4)
DA:13,8
DA:15,8
DA:34,8
DA:43,2
DA:44,8
DA:52,2
DA:53,4
DA:55,4
DA:56,0
DA:59,4
LF:10
LH:9
BRDA:23,0,0,8
BRDA:23,0,1,4
BRF:2
BRH:2
end_of_record
TN:
SF:src/components/molecules/TabsMenu/TabsMenu.tsx
FN:10,TabPanel
FN:31,a11yProps
FN:41,(anonymous_2)
FN:49,(anonymous_3)
FN:52,(anonymous_4)
FNF:5
FNH:4
FNDA:9,TabPanel
FNDA:9,a11yProps
FNDA:9,(anonymous_2)
FNDA:3,(anonymous_3)
FNDA:0,(anonymous_4)
DA:11,9
DA:13,9
DA:32,9
DA:41,2
DA:42,9
DA:49,2
DA:50,3
DA:52,3
DA:53,0
DA:56,3
LF:10
LH:9
BRDA:21,0,0,9
BRDA:21,0,1,3
BRF:2
BRH:2
end_of_record
TN:
SF:src/components/organisms/Banner/Banner.tsx
FN:5,(anonymous_0)
FNF:1
FNH:1
FNDA:4,(anonymous_0)
DA:5,2
DA:6,4
LF:2
LH:2
BRF:0
BRH:0
end_of_record
TN:
SF:src/components/organisms/BookDetails/BookDetails.tsx
FN:20,(anonymous_0)
FNF:1
FNH:1
FNDA:5,(anonymous_0)
DA:7,3
DA:20,3
DA:21,5
DA:22,5
DA:23,5
LF:5
LH:5
BRF:0
BRH:0
end_of_record
TN:
SF:src/components/organisms/BookGrid/BookGrid.tsx
FN:26,(anonymous_0)
FN:29,(anonymous_1)
FN:31,(anonymous_2)
FN:39,(anonymous_3)
FN:46,(anonymous_4)
FN:46,(anonymous_5)
FNF:6
FNH:5
FNDA:13,(anonymous_0)
FNDA:21,(anonymous_1)
FNDA:8,(anonymous_2)
FNDA:7,(anonymous_3)
FNDA:6,(anonymous_4)
FNDA:0,(anonymous_5)
DA:9,5
DA:26,5
DA:27,13
DA:28,13
DA:29,21
DA:31,13
DA:32,8
DA:35,13
DA:40,7
DA:46,6
DA:47,0
LF:11
LH:10
BRDA:38,0,0,7
BRDA:38,0,1,6
BRF:2
BRH:2
end_of_record
TN:
SF:src/components/organisms/BookPage/BookPage.tsx
FN:9,(anonymous_0)
FN:20,(anonymous_1)
FN:21,(anonymous_2)
FNF:3
FNH:3
FNDA:4,(anonymous_0)
FNDA:6,(anonymous_1)
FNDA:2,(anonymous_2)
DA:9,2
DA:11,4
DA:17,4
DA:18,4
DA:20,6
DA:21,4
DA:22,2
DA:27,4
LF:8
LH:8
BRDA:33,0,0,4
BRDA:33,0,1,0
BRF:2
BRH:1
end_of_record
TN:
SF:src/components/organisms/BooksGroup/BooksGroup.tsx
FN:18,(anonymous_0)
FNF:1
FNH:1
FNDA:3,(anonymous_0)
DA:7,2
DA:18,2
DA:19,3
LF:3
LH:3
BRF:0
BRH:0
end_of_record
TN:
SF:src/components/organisms/DropDown/DropDown.tsx
FN:20,(anonymous_0)
FN:63,(anonymous_1)
FN:88,(anonymous_2)
FNF:3
FNH:3
FNDA:1,(anonymous_0)
FNDA:2,(anonymous_1)
FNDA:1,(anonymous_2)
DA:9,5
DA:20,5
DA:21,1
DA:22,1
DA:23,1
DA:33,1
DA:64,2
DA:88,5
DA:89,1
LF:9
LH:9
BRF:0
BRH:0
end_of_record
TN:
SF:src/components/organisms/Footer/Footer.tsx
FN:6,(anonymous_0)
FN:17,(anonymous_1)
FNF:2
FNH:2
FNDA:6,(anonymous_0)
FNDA:6,(anonymous_1)
DA:6,4
DA:7,6
DA:17,4
DA:18,6
LF:4
LH:4
BRF:0
BRH:0
end_of_record
TN:
SF:src/components/organisms/Header/Header.tsx
FN:7,(anonymous_0)
FN:9,(anonymous_1)
FN:17,(anonymous_2)
FNF:3
FNH:1
FNDA:7,(anonymous_0)
FNDA:0,(anonymous_1)
FNDA:0,(anonymous_2)
DA:7,4
DA:8,7
DA:9,7
DA:10,0
DA:11,0
DA:13,0
DA:17,7
DA:18,0
DA:23,7
LF:9
LH:5
BRDA:10,0,0,0
BRDA:10,0,1,0
BRDA:39,1,0,7
BRDA:39,1,1,0
BRDA:53,2,0,7
BRDA:53,2,1,0
BRF:6
BRH:2
end_of_record
TN:
SF:src/components/pages/BookDetailPage/BookDetailPage.tsx
FN:5,(anonymous_0)
FNF:1
FNH:1
FNDA:1,(anonymous_0)
DA:5,1
DA:6,1
LF:2
LH:2
BRF:0
BRH:0
end_of_record
TN:
SF:src/components/pages/LandingPage/LandingPage.tsx
FN:7,(anonymous_0)
FNF:1
FNH:1
FNDA:2,(anonymous_0)
DA:7,1
DA:8,2
LF:2
LH:2
BRF:0
BRH:0
end_of_record
TN:
SF:src/components/pages/MyLibrary/MyLibrary.tsx
FN:5,(anonymous_0)
FNF:1
FNH:1
FNDA:1,(anonymous_0)
DA:5,1
DA:6,1
LF:2
LH:2
BRF:0
BRH:0
end_of_record
TN:
SF:src/components/template/Template.tsx
FN:10,(anonymous_0)
FNF:1
FNH:1
FNDA:3,(anonymous_0)
DA:10,3
DA:11,3
LF:2
LH:2
BRF:0
BRH:0
end_of_record
TN:
SF:src/features/BookReducer.tsx
FN:6,(anonymous_0)
FN:18,(anonymous_1)
FN:36,(anonymous_2)
FN:37,(anonymous_3)
FN:40,(anonymous_4)
FN:45,(anonymous_5)
FN:49,(anonymous_6)
FN:53,(anonymous_7)
FN:58,(anonymous_8)
FNF:9
FNH:7
FNDA:10,(anonymous_0)
FNDA:4,(anonymous_1)
FNDA:10,(anonymous_2)
FNDA:10,(anonymous_3)
FNDA:0,(anonymous_4)
FNDA:2,(anonymous_5)
FNDA:4,(anonymous_6)
FNDA:0,(anonymous_7)
FNDA:2,(anonymous_8)
DA:5,10
DA:8,10
DA:9,10
DA:12,0
DA:16,10
DA:19,4
DA:20,0
DA:28,10
DA:32,10
DA:37,10
DA:38,10
DA:40,10
DA:41,0
DA:42,0
DA:45,10
DA:46,2
DA:49,10
DA:50,4
DA:53,10
DA:54,0
DA:55,0
DA:58,10
DA:59,2
LF:23
LH:17
BRDA:10,0,0,6
BRDA:10,0,1,4
BRF:2
BRH:2
end_of_record
TN:
SF:src/features/BooksReducer.tsx
FN:6,(anonymous_0)
FN:25,(anonymous_1)
FN:26,(anonymous_2)
FN:29,(anonymous_3)
FN:35,(anonymous_4)
FNF:5
FNH:4
FNDA:18,(anonymous_0)
FNDA:10,(anonymous_1)
FNDA:18,(anonymous_2)
FNDA:0,(anonymous_3)
FNDA:2,(anonymous_4)
DA:5,10
DA:7,18
DA:8,18
DA:9,0
DA:17,10
DA:21,10
DA:26,10
DA:27,18
DA:29,10
DA:30,0
DA:31,0
DA:32,0
DA:35,10
DA:36,2
LF:14
LH:10
BRF:0
BRH:0
end_of_record
TN:
SF:src/store/store.tsx
FNF:0
FNH:0
DA:5,10
LF:1
LH:1
BRF:0
BRH:0
end_of_record
